# JRE version: 7.0_09-b05
# Java VM: Java HotSpot(TM) 64-Bit Server VM (23.5-b02 mixed mode windows-amd64 compressed oops)
Heap
 PSYoungGen      total 588992K, used 2303K [0x00000007d5d60000, 0x00000007ff360000, 0x0000000800000000)
  eden space 505600K, 0% used [0x00000007d5d60000,0x00000007d5f9fe68,0x00000007f4b20000)
  from space 83392K, 0% used [0x00000007fa1f0000,0x00000007fa1f0000,0x00000007ff360000)
  to   space 86144K, 0% used [0x00000007f4b20000,0x00000007f4b20000,0x00000007f9f40000)
 ParOldGen       total 689920K, used 31228K [0x0000000781800000, 0x00000007ab9c0000, 0x00000007d5d60000)
  object space 689920K, 4% used [0x0000000781800000,0x000000078367f0d0,0x00000007ab9c0000)
 PSPermGen       total 83968K, used 83966K [0x000000077c600000, 0x0000000781800000, 0x0000000781800000)
  object space 83968K, 99% used [0x000000077c600000,0x00000007817ffb30,0x0000000781800000)
GC Heap History (10 events):
Event: 498.476 GC heap before
{Heap before GC invocations=24 (full 8):
 PSYoungGen      total 584256K, used 0K [0x00000007d5d60000, 0x00000007ff600000, 0x0000000800000000)
  eden space 492672K, 0% used [0x00000007d5d60000,0x00000007d5d60000,0x00000007f3e80000)
  from space 91584K, 0% used [0x00000007f9c90000,0x00000007f9c90000,0x00000007ff600000)
  to   space 93952K, 0% used [0x00000007f3e80000,0x00000007f3e80000,0x00000007f9a40000)
 ParOldGen       total 388608K, used 31433K [0x0000000781800000, 0x0000000799380000, 0x00000007d5d60000)
  object space 388608K, 8% used [0x0000000781800000,0x00000007836b2748,0x0000000799380000)
 PSPermGen       total 83968K, used 83964K [0x000000077c600000, 0x0000000781800000, 0x0000000781800000)
  object space 83968K, 99% used [0x000000077c600000,0x00000007817ff228,0x0000000781800000)
Event: 498.732 GC heap after
Heap after GC invocations=24 (full 8):
 PSYoungGen      total 584256K, used 0K [0x00000007d5d60000, 0x00000007ff600000, 0x0000000800000000)
  eden space 492672K, 0% used [0x00000007d5d60000,0x00000007d5d60000,0x00000007f3e80000)
  from space 91584K, 0% used [0x00000007f9c90000,0x00000007f9c90000,0x00000007ff600000)
  to   space 93952K, 0% used [0x00000007f3e80000,0x00000007f3e80000,0x00000007f9a40000)
 ParOldGen       total 479040K, used 31321K [0x0000000781800000, 0x000000079ebd0000, 0x00000007d5d60000)
  object space 479040K, 6% used [0x0000000781800000,0x0000000783696660,0x000000079ebd0000)
 PSPermGen       total 83968K, used 83964K [0x000000077c600000, 0x0000000781800000, 0x0000000781800000)
  object space 83968K, 99% used [0x000000077c600000,0x00000007817ff228,0x0000000781800000)
}
Event: 500.522 GC heap before
{Heap before GC invocations=25 (full 8):
 PSYoungGen      total 584256K, used 5546K [0x00000007d5d60000, 0x00000007ff600000, 0x0000000800000000)
  eden space 492672K, 1% used [0x00000007d5d60000,0x00000007d62ca990,0x00000007f3e80000)
  from space 91584K, 0% used [0x00000007f9c90000,0x00000007f9c90000,0x00000007ff600000)
  to   space 93952K, 0% used [0x00000007f3e80000,0x00000007f3e80000,0x00000007f9a40000)
 ParOldGen       total 479040K, used 31321K [0x0000000781800000, 0x000000079ebd0000, 0x00000007d5d60000)
  object space 479040K, 6% used [0x0000000781800000,0x0000000783696660,0x000000079ebd0000)
 PSPermGen       total 83968K, used 83966K [0x000000077c600000, 0x0000000781800000, 0x0000000781800000)
  object space 83968K, 99% used [0x000000077c600000,0x00000007817ffb50,0x0000000781800000)
Event: 500.732 GC heap after
Heap after GC invocations=25 (full 8):
 PSYoungGen      total 586624K, used 64K [0x00000007d5d60000, 0x00000007ff9f0000, 0x0000000800000000)
  eden space 492672K, 0% used [0x00000007d5d60000,0x00000007d5d60000,0x00000007f3e80000)
  from space 93952K, 0% used [0x00000007f3e80000,0x00000007f3e90000,0x00000007f9a40000)
  to   space 90112K, 0% used [0x00000007fa1f0000,0x00000007fa1f0000,0x00000007ff9f0000)
 ParOldGen       total 479040K, used 31321K [0x0000000781800000, 0x000000079ebd0000, 0x00000007d5d60000)
  object space 479040K, 6% used [0x0000000781800000,0x0000000783696660,0x000000079ebd0000)
 PSPermGen       total 83968K, used 83966K [0x000000077c600000, 0x0000000781800000, 0x0000000781800000)
  object space 83968K, 99% used [0x000000077c600000,0x00000007817ffb50,0x0000000781800000)
}
Event: 500.732 GC heap before
{Heap before GC invocations=26 (full 9):
 PSYoungGen      total 586624K, used 64K [0x00000007d5d60000, 0x00000007ff9f0000, 0x0000000800000000)
  eden space 492672K, 0% used [0x00000007d5d60000,0x00000007d5d60000,0x00000007f3e80000)
  from space 93952K, 0% used [0x00000007f3e80000,0x00000007f3e90000,0x00000007f9a40000)
  to   space 90112K, 0% used [0x00000007fa1f0000,0x00000007fa1f0000,0x00000007ff9f0000)
 ParOldGen       total 479040K, used 31321K [0x0000000781800000, 0x000000079ebd0000, 0x00000007d5d60000)
  object space 479040K, 6% used [0x0000000781800000,0x0000000783696660,0x000000079ebd0000)
 PSPermGen       total 83968K, used 83966K [0x000000077c600000, 0x0000000781800000, 0x0000000781800000)
  object space 83968K, 99% used [0x000000077c600000,0x00000007817ffb50,0x0000000781800000)
Event: 500.947 GC heap after
Heap after GC invocations=26 (full 9):
 PSYoungGen      total 586624K, used 0K [0x00000007d5d60000, 0x00000007ff9f0000, 0x0000000800000000)
  eden space 492672K, 0% used [0x00000007d5d60000,0x00000007d5d60000,0x00000007f3e80000)
  from space 93952K, 0% used [0x00000007f3e80000,0x00000007f3e80000,0x00000007f9a40000)
  to   space 90112K, 0% used [0x00000007fa1f0000,0x00000007fa1f0000,0x00000007ff9f0000)
 ParOldGen       total 572160K, used 31228K [0x0000000781800000, 0x00000007a46c0000, 0x00000007d5d60000)
  object space 572160K, 5% used [0x0000000781800000,0x000000078367f1d0,0x00000007a46c0000)
 PSPermGen       total 83968K, used 83966K [0x000000077c600000, 0x0000000781800000, 0x0000000781800000)
  object space 83968K, 99% used [0x000000077c600000,0x00000007817ffb30,0x0000000781800000)
}
Event: 500.947 GC heap before
{Heap before GC invocations=27 (full 9):
 PSYoungGen      total 586624K, used 0K [0x00000007d5d60000, 0x00000007ff9f0000, 0x0000000800000000)
  eden space 492672K, 0% used [0x00000007d5d60000,0x00000007d5d60000,0x00000007f3e80000)
  from space 93952K, 0% used [0x00000007f3e80000,0x00000007f3e80000,0x00000007f9a40000)
  to   space 90112K, 0% used [0x00000007fa1f0000,0x00000007fa1f0000,0x00000007ff9f0000)
 ParOldGen       total 572160K, used 31228K [0x0000000781800000, 0x00000007a46c0000, 0x00000007d5d60000)
  object space 572160K, 5% used [0x0000000781800000,0x000000078367f1d0,0x00000007a46c0000)
 PSPermGen       total 83968K, used 83966K [0x000000077c600000, 0x0000000781800000, 0x0000000781800000)
  object space 83968K, 99% used [0x000000077c600000,0x00000007817ffb30,0x0000000781800000)
Event: 500.952 GC heap after
Heap after GC invocations=27 (full 9):
 PSYoungGen      total 588992K, used 0K [0x00000007d5d60000, 0x00000007ff360000, 0x0000000800000000)
  eden space 505600K, 0% used [0x00000007d5d60000,0x00000007d5d60000,0x00000007f4b20000)
  from space 83392K, 0% used [0x00000007fa1f0000,0x00000007fa1f0000,0x00000007ff360000)
  to   space 86144K, 0% used [0x00000007f4b20000,0x00000007f4b20000,0x00000007f9f40000)
 ParOldGen       total 572160K, used 31228K [0x0000000781800000, 0x00000007a46c0000, 0x00000007d5d60000)
  object space 572160K, 5% used [0x0000000781800000,0x000000078367f1d0,0x00000007a46c0000)
 PSPermGen       total 83968K, used 83966K [0x000000077c600000, 0x0000000781800000, 0x0000000781800000)
  object space 83968K, 99% used [0x000000077c600000,0x00000007817ffb30,0x0000000781800000)
}
Event: 500.952 GC heap before
{Heap before GC invocations=28 (full 10):
 PSYoungGen      total 588992K, used 0K [0x00000007d5d60000, 0x00000007ff360000, 0x0000000800000000)
  eden space 505600K, 0% used [0x00000007d5d60000,0x00000007d5d60000,0x00000007f4b20000)
  from space 83392K, 0% used [0x00000007fa1f0000,0x00000007fa1f0000,0x00000007ff360000)
  to   space 86144K, 0% used [0x00000007f4b20000,0x00000007f4b20000,0x00000007f9f40000)
 ParOldGen       total 572160K, used 31228K [0x0000000781800000, 0x00000007a46c0000, 0x00000007d5d60000)
  object space 572160K, 5% used [0x0000000781800000,0x000000078367f1d0,0x00000007a46c0000)
 PSPermGen       total 83968K, used 83966K [0x000000077c600000, 0x0000000781800000, 0x0000000781800000)
  object space 83968K, 99% used [0x000000077c600000,0x00000007817ffb30,0x0000000781800000)
Event: 501.220 GC heap after
Heap after GC invocations=28 (full 10):
 PSYoungGen      total 588992K, used 0K [0x00000007d5d60000, 0x00000007ff360000, 0x0000000800000000)
  eden space 505600K, 0% used [0x00000007d5d60000,0x00000007d5d60000,0x00000007f4b20000)
  from space 83392K, 0% used [0x00000007fa1f0000,0x00000007fa1f0000,0x00000007ff360000)
  to   space 86144K, 0% used [0x00000007f4b20000,0x00000007f4b20000,0x00000007f9f40000)
 ParOldGen       total 689920K, used 31228K [0x0000000781800000, 0x00000007ab9c0000, 0x00000007d5d60000)
  object space 689920K, 4% used [0x0000000781800000,0x000000078367f0d0,0x00000007ab9c0000)
 PSPermGen       total 83968K, used 83966K [0x000000077c600000, 0x0000000781800000, 0x0000000781800000)
  object space 83968K, 99% used [0x000000077c600000,0x00000007817ffb30,0x0000000781800000)
}

